[35m[1mScanning dependencies of target std_msgs_generate_messages_py[0m
[35m[1mScanning dependencies of target d_opt_local_rrt_detector[0m
[35m[1mScanning dependencies of target _multi_slam_realm_generate_messages_check_deps_PointArray[0m
[35m[1mScanning dependencies of target d_opt_global_rrt_detector[0m
[35m[1mScanning dependencies of target geometry_msgs_generate_messages_nodejs[0m
[35m[1mScanning dependencies of target std_msgs_generate_messages_eus[0m
[35m[1mScanning dependencies of target std_msgs_generate_messages_nodejs[0m
[35m[1mScanning dependencies of target multi_slam_realm_gencfg[0m
[35m[1mScanning dependencies of target std_msgs_generate_messages_cpp[0m
[35m[1mScanning dependencies of target geometry_msgs_generate_messages_py[0m
[35m[1mScanning dependencies of target geometry_msgs_generate_messages_eus[0m
[35m[1mScanning dependencies of target std_msgs_generate_messages_lisp[0m
[35m[1mScanning dependencies of target geometry_msgs_generate_messages_lisp[0m
[35m[1mScanning dependencies of target geometry_msgs_generate_messages_cpp[0m
[  4%] [34m[1mGenerating dynamic reconfigure files from cfg/informationGain.cfg: /home/ruofei/code/cpp/autonomous_exploration_development_environment/devel/.private/multi_slam_realm/include/multi_slam_realm/informationGainConfig.h /home/ruofei/code/cpp/autonomous_exploration_development_environment/devel/.private/multi_slam_realm/lib/python3/dist-packages/multi_slam_realm/cfg/informationGainConfig.py[0m
[  4%] Built target geometry_msgs_generate_messages_py
[  4%] Built target std_msgs_generate_messages_py
[  4%] Built target geometry_msgs_generate_messages_nodejs
[  4%] Built target std_msgs_generate_messages_nodejs
[35m[1mScanning dependencies of target multi_slam_karto[0m
[  4%] Built target std_msgs_generate_messages_eus
[  4%] Built target std_msgs_generate_messages_lisp
[  4%] Built target geometry_msgs_generate_messages_eus
[  4%] Built target std_msgs_generate_messages_cpp
[  8%] [32mBuilding CXX object CMakeFiles/d_opt_local_rrt_detector.dir/src/frontier_detector/functions.cpp.o[0m
[ 13%] [32mBuilding CXX object CMakeFiles/d_opt_global_rrt_detector.dir/src/frontier_detector/global_rrt_detector.cpp.o[0m
[35m[1mScanning dependencies of target scan_filter[0m
[ 13%] Built target geometry_msgs_generate_messages_lisp
[ 17%] [32mBuilding CXX object CMakeFiles/d_opt_local_rrt_detector.dir/src/frontier_detector/local_rrt_detector.cpp.o[0m
[ 21%] [32mBuilding CXX object CMakeFiles/d_opt_local_rrt_detector.dir/src/frontier_detector/mtrand.cpp.o[0m
[ 21%] Built target geometry_msgs_generate_messages_cpp
[ 26%] [32mBuilding CXX object CMakeFiles/d_opt_global_rrt_detector.dir/src/frontier_detector/functions.cpp.o[0m
[ 30%] [32mBuilding CXX object CMakeFiles/d_opt_global_rrt_detector.dir/src/frontier_detector/mtrand.cpp.o[0m
[ 34%] [32mBuilding CXX object CMakeFiles/scan_filter.dir/src/filterScan.cpp.o[0m
[ 34%] Built target _multi_slam_realm_generate_messages_check_deps_PointArray
[35m[1mScanning dependencies of target multi_slam_realm_generate_messages_eus[0m
[35m[1mScanning dependencies of target multi_slam_realm_generate_messages_cpp[0m
[35m[1mScanning dependencies of target multi_slam_realm_generate_messages_py[0m
[35m[1mScanning dependencies of target multi_slam_realm_generate_messages_lisp[0m
Generating reconfiguration files for informationGain in graph_d_exploration
Wrote header file in /home/ruofei/code/cpp/autonomous_exploration_development_environment/devel/.private/multi_slam_realm/include/multi_slam_realm/informationGainConfig.h
[ 43%] [34m[1mGenerating EusLisp code from multi_slam_realm/PointArray.msg[0m
[ 43%] [34m[1mGenerating Lisp code from multi_slam_realm/PointArray.msg[0m
[ 47%] [34m[1mGenerating Python from MSG multi_slam_realm/PointArray[0m
[ 52%] [34m[1mGenerating C++ code from multi_slam_realm/PointArray.msg[0m
[ 56%] [34m[1mGenerating EusLisp manifest code for multi_slam_realm[0m
[35m[1mScanning dependencies of target multi_slam_realm_generate_messages_nodejs[0m
[ 56%] Built target multi_slam_realm_gencfg
[ 60%] [34m[1mGenerating Javascript code from multi_slam_realm/PointArray.msg[0m
[ 65%] [32mBuilding CXX object CMakeFiles/multi_slam_karto.dir/src/spa_solver.cpp.o[0m
[ 69%] [32mBuilding CXX object CMakeFiles/multi_slam_karto.dir/src/Karto.cpp.o[0m
[ 69%] Built target multi_slam_realm_generate_messages_lisp
[ 73%] [32mBuilding CXX object CMakeFiles/multi_slam_karto.dir/src/slam_karto.cpp.o[0m
[ 78%] [32mBuilding CXX object CMakeFiles/multi_slam_karto.dir/src/Mapper.cpp.o[0m
[ 78%] Built target multi_slam_realm_generate_messages_nodejs
[ 78%] Built target multi_slam_realm_generate_messages_cpp
[ 82%] [34m[1mGenerating Python msg __init__.py for multi_slam_realm[0m
[ 82%] Built target multi_slam_realm_generate_messages_py
[ 82%] Built target multi_slam_realm_generate_messages_eus
[35m[1mScanning dependencies of target multi_slam_realm_generate_messages[0m
[ 82%] Built target multi_slam_realm_generate_messages
[ 86%] [32m[1mLinking CXX executable /home/ruofei/code/cpp/autonomous_exploration_development_environment/devel/.private/multi_slam_realm/lib/multi_slam_realm/d_opt_global_rrt_detector[0m
[ 91%] [32m[1mLinking CXX executable /home/ruofei/code/cpp/autonomous_exploration_development_environment/devel/.private/multi_slam_realm/lib/multi_slam_realm/d_opt_local_rrt_detector[0m
[ 91%] Built target d_opt_global_rrt_detector
[ 91%] Built target d_opt_local_rrt_detector
[ 95%] [32m[1mLinking CXX executable /home/ruofei/code/cpp/autonomous_exploration_development_environment/devel/.private/multi_slam_realm/lib/multi_slam_realm/scan_filter[0m
[ 95%] Built target scan_filter
[100%] [32m[1mLinking CXX executable /home/ruofei/code/cpp/autonomous_exploration_development_environment/devel/.private/multi_slam_realm/lib/multi_slam_realm/multi_slam_karto[0m
[100%] Built target multi_slam_karto
