Symlinking /home/ruofei/code/cpp/autonomous_exploration_development_environment/devel/include/multi_slam_realm/PointArray.h
Symlinking /home/ruofei/code/cpp/autonomous_exploration_development_environment/devel/include/multi_slam_realm/informationGainConfig.h
Symlinking /home/ruofei/code/cpp/autonomous_exploration_development_environment/devel/lib/multi_slam_realm/d_opt_local_rrt_detector
Symlinking /home/ruofei/code/cpp/autonomous_exploration_development_environment/devel/lib/multi_slam_realm/multi_slam_karto
Symlinking /home/ruofei/code/cpp/autonomous_exploration_development_environment/devel/lib/multi_slam_realm/scan_filter
Symlinking /home/ruofei/code/cpp/autonomous_exploration_development_environment/devel/lib/multi_slam_realm/d_opt_global_rrt_detector
Symlinking /home/ruofei/code/cpp/autonomous_exploration_development_environment/devel/lib/python3/dist-packages/multi_slam_realm/__init__.py
Symlinking /home/ruofei/code/cpp/autonomous_exploration_development_environment/devel/lib/python3/dist-packages/multi_slam_realm/cfg/informationGainConfig.py
Symlinking /home/ruofei/code/cpp/autonomous_exploration_development_environment/devel/lib/python3/dist-packages/multi_slam_realm/cfg/__init__.py
Symlinking /home/ruofei/code/cpp/autonomous_exploration_development_environment/devel/lib/python3/dist-packages/multi_slam_realm/msg/__init__.py
Symlinking /home/ruofei/code/cpp/autonomous_exploration_development_environment/devel/lib/python3/dist-packages/multi_slam_realm/msg/_PointArray.py
Symlinking /home/ruofei/code/cpp/autonomous_exploration_development_environment/devel/lib/pkgconfig/multi_slam_realm.pc
Symlinking /home/ruofei/code/cpp/autonomous_exploration_development_environment/devel/share/multi_slam_realm/cmake/multi_slam_realm-msg-paths.cmake
Symlinking /home/ruofei/code/cpp/autonomous_exploration_development_environment/devel/share/multi_slam_realm/cmake/multi_slam_realm-msg-extras.cmake
Symlinking /home/ruofei/code/cpp/autonomous_exploration_development_environment/devel/share/multi_slam_realm/cmake/multi_slam_realmConfig.cmake
Symlinking /home/ruofei/code/cpp/autonomous_exploration_development_environment/devel/share/multi_slam_realm/cmake/multi_slam_realmConfig-version.cmake
Symlinking /home/ruofei/code/cpp/autonomous_exploration_development_environment/devel/share/multi_slam_realm/docs/informationGainConfig-usage.dox
Symlinking /home/ruofei/code/cpp/autonomous_exploration_development_environment/devel/share/multi_slam_realm/docs/informationGainConfig.dox
Symlinking /home/ruofei/code/cpp/autonomous_exploration_development_environment/devel/share/multi_slam_realm/docs/informationGainConfig.wikidoc
Symlinking /home/ruofei/code/cpp/autonomous_exploration_development_environment/devel/share/roseus/ros/multi_slam_realm/manifest.l
Symlinking /home/ruofei/code/cpp/autonomous_exploration_development_environment/devel/share/roseus/ros/multi_slam_realm/msg/PointArray.l
Symlinking /home/ruofei/code/cpp/autonomous_exploration_development_environment/devel/share/gennodejs/ros/multi_slam_realm/_index.js
Symlinking /home/ruofei/code/cpp/autonomous_exploration_development_environment/devel/share/gennodejs/ros/multi_slam_realm/msg/_index.js
Symlinking /home/ruofei/code/cpp/autonomous_exploration_development_environment/devel/share/gennodejs/ros/multi_slam_realm/msg/PointArray.js
Symlinking /home/ruofei/code/cpp/autonomous_exploration_development_environment/devel/share/common-lisp/ros/multi_slam_realm/msg/PointArray.lisp
Symlinking /home/ruofei/code/cpp/autonomous_exploration_development_environment/devel/share/common-lisp/ros/multi_slam_realm/msg/_package.lisp
Symlinking /home/ruofei/code/cpp/autonomous_exploration_development_environment/devel/share/common-lisp/ros/multi_slam_realm/msg/multi_slam_realm-msg.asd
Symlinking /home/ruofei/code/cpp/autonomous_exploration_development_environment/devel/share/common-lisp/ros/multi_slam_realm/msg/_package_PointArray.lisp
