Symlinking /home/ruofei/code/cpp/autonomous_exploration_development_environment/devel/include/visibility_graph_msg/Graph.h
Symlinking /home/ruofei/code/cpp/autonomous_exploration_development_environment/devel/include/visibility_graph_msg/Node.h
Symlinking /home/ruofei/code/cpp/autonomous_exploration_development_environment/devel/lib/python3/dist-packages/visibility_graph_msg/__init__.py
Symlinking /home/ruofei/code/cpp/autonomous_exploration_development_environment/devel/lib/python3/dist-packages/visibility_graph_msg/msg/_Graph.py
Symlinking /home/ruofei/code/cpp/autonomous_exploration_development_environment/devel/lib/python3/dist-packages/visibility_graph_msg/msg/__init__.py
Symlinking /home/ruofei/code/cpp/autonomous_exploration_development_environment/devel/lib/python3/dist-packages/visibility_graph_msg/msg/_Node.py
Symlinking /home/ruofei/code/cpp/autonomous_exploration_development_environment/devel/lib/pkgconfig/visibility_graph_msg.pc
Symlinking /home/ruofei/code/cpp/autonomous_exploration_development_environment/devel/share/roseus/ros/visibility_graph_msg/manifest.l
Symlinking /home/ruofei/code/cpp/autonomous_exploration_development_environment/devel/share/roseus/ros/visibility_graph_msg/msg/Node.l
Symlinking /home/ruofei/code/cpp/autonomous_exploration_development_environment/devel/share/roseus/ros/visibility_graph_msg/msg/Graph.l
Symlinking /home/ruofei/code/cpp/autonomous_exploration_development_environment/devel/share/visibility_graph_msg/cmake/visibility_graph_msg-msg-paths.cmake
Symlinking /home/ruofei/code/cpp/autonomous_exploration_development_environment/devel/share/visibility_graph_msg/cmake/visibility_graph_msgConfig.cmake
Symlinking /home/ruofei/code/cpp/autonomous_exploration_development_environment/devel/share/visibility_graph_msg/cmake/visibility_graph_msg-msg-extras.cmake
Symlinking /home/ruofei/code/cpp/autonomous_exploration_development_environment/devel/share/visibility_graph_msg/cmake/visibility_graph_msgConfig-version.cmake
Symlinking /home/ruofei/code/cpp/autonomous_exploration_development_environment/devel/share/gennodejs/ros/visibility_graph_msg/_index.js
Symlinking /home/ruofei/code/cpp/autonomous_exploration_development_environment/devel/share/gennodejs/ros/visibility_graph_msg/msg/_index.js
Symlinking /home/ruofei/code/cpp/autonomous_exploration_development_environment/devel/share/gennodejs/ros/visibility_graph_msg/msg/Graph.js
Symlinking /home/ruofei/code/cpp/autonomous_exploration_development_environment/devel/share/gennodejs/ros/visibility_graph_msg/msg/Node.js
Symlinking /home/ruofei/code/cpp/autonomous_exploration_development_environment/devel/share/common-lisp/ros/visibility_graph_msg/msg/_package_Node.lisp
Symlinking /home/ruofei/code/cpp/autonomous_exploration_development_environment/devel/share/common-lisp/ros/visibility_graph_msg/msg/_package.lisp
Symlinking /home/ruofei/code/cpp/autonomous_exploration_development_environment/devel/share/common-lisp/ros/visibility_graph_msg/msg/Node.lisp
Symlinking /home/ruofei/code/cpp/autonomous_exploration_development_environment/devel/share/common-lisp/ros/visibility_graph_msg/msg/_package_Graph.lisp
Symlinking /home/ruofei/code/cpp/autonomous_exploration_development_environment/devel/share/common-lisp/ros/visibility_graph_msg/msg/visibility_graph_msg-msg.asd
Symlinking /home/ruofei/code/cpp/autonomous_exploration_development_environment/devel/share/common-lisp/ros/visibility_graph_msg/msg/Graph.lisp
