[35m[1mScanning dependencies of target std_msgs_generate_messages_py[0m
[35m[1mScanning dependencies of target geometry_msgs_generate_messages_py[0m
[35m[1mScanning dependencies of target _visibility_graph_msg_generate_messages_check_deps_Graph[0m
[35m[1mScanning dependencies of target std_msgs_generate_messages_cpp[0m
[35m[1mScanning dependencies of target geometry_msgs_generate_messages_cpp[0m
[35m[1mScanning dependencies of target _visibility_graph_msg_generate_messages_check_deps_Node[0m
[35m[1mScanning dependencies of target geometry_msgs_generate_messages_lisp[0m
[35m[1mScanning dependencies of target std_msgs_generate_messages_lisp[0m
[  0%] Built target std_msgs_generate_messages_py
[  0%] Built target geometry_msgs_generate_messages_py
[35m[1mScanning dependencies of target std_msgs_generate_messages_eus[0m
[35m[1mScanning dependencies of target geometry_msgs_generate_messages_eus[0m
[  0%] Built target std_msgs_generate_messages_cpp
[  0%] Built target geometry_msgs_generate_messages_cpp
[  0%] Built target geometry_msgs_generate_messages_lisp
[  0%] Built target std_msgs_generate_messages_lisp
[  0%] Built target geometry_msgs_generate_messages_eus
[35m[1mScanning dependencies of target geometry_msgs_generate_messages_nodejs[0m
[35m[1mScanning dependencies of target std_msgs_generate_messages_nodejs[0m
[  0%] Built target geometry_msgs_generate_messages_nodejs
[  0%] Built target std_msgs_generate_messages_nodejs
[  0%] Built target std_msgs_generate_messages_eus
[  0%] Built target _visibility_graph_msg_generate_messages_check_deps_Graph
[  0%] Built target _visibility_graph_msg_generate_messages_check_deps_Node
[35m[1mScanning dependencies of target visibility_graph_msg_generate_messages_lisp[0m
[35m[1mScanning dependencies of target visibility_graph_msg_generate_messages_nodejs[0m
[35m[1mScanning dependencies of target visibility_graph_msg_generate_messages_py[0m
[35m[1mScanning dependencies of target visibility_graph_msg_generate_messages_cpp[0m
[35m[1mScanning dependencies of target visibility_graph_msg_generate_messages_eus[0m
[  8%] [34m[1mGenerating Lisp code from visibility_graph_msg/Graph.msg[0m
[ 16%] [34m[1mGenerating Lisp code from visibility_graph_msg/Node.msg[0m
[ 25%] [34m[1mGenerating Python from MSG visibility_graph_msg/Node[0m
[ 33%] [34m[1mGenerating Javascript code from visibility_graph_msg/Node.msg[0m
[ 41%] [34m[1mGenerating EusLisp code from visibility_graph_msg/Node.msg[0m
[ 50%] [34m[1mGenerating EusLisp code from visibility_graph_msg/Graph.msg[0m
[ 58%] [34m[1mGenerating C++ code from visibility_graph_msg/Graph.msg[0m
[ 66%] [34m[1mGenerating C++ code from visibility_graph_msg/Node.msg[0m
[ 75%] [34m[1mGenerating Python from MSG visibility_graph_msg/Graph[0m
[ 83%] [34m[1mGenerating Javascript code from visibility_graph_msg/Graph.msg[0m
[ 91%] [34m[1mGenerating EusLisp manifest code for visibility_graph_msg[0m
[ 91%] Built target visibility_graph_msg_generate_messages_lisp
[ 91%] Built target visibility_graph_msg_generate_messages_nodejs
[ 91%] Built target visibility_graph_msg_generate_messages_cpp
[100%] [34m[1mGenerating Python msg __init__.py for visibility_graph_msg[0m
[100%] Built target visibility_graph_msg_generate_messages_py
[100%] Built target visibility_graph_msg_generate_messages_eus
[35m[1mScanning dependencies of target visibility_graph_msg_generate_messages[0m
[100%] Built target visibility_graph_msg_generate_messages
