[35m[1mScanning dependencies of target pub_registered_scan[0m
[35m[1mScanning dependencies of target vehicleSimulator[0m
[35m[1mScanning dependencies of target vehicleSimulatorForGazebo[0m
[35m[1mScanning dependencies of target pioneer_simulator[0m
[35m[1mScanning dependencies of target filter_velodyne_points[0m
[ 10%] [32mBuilding CXX object CMakeFiles/pioneer_simulator.dir/src/pioneerSimulator.cpp.o[0m
[ 20%] [32mBuilding CXX object CMakeFiles/pub_registered_scan.dir/src/pubRegScan.cpp.o[0m
[ 30%] [32mBuilding CXX object CMakeFiles/filter_velodyne_points.dir/src/filterVelodynePoints.cpp.o[0m
[ 40%] [32mBuilding CXX object CMakeFiles/vehicleSimulatorForGazebo.dir/src/vehicleSimulatorForGazebo.cpp.o[0m
[ 50%] [32mBuilding CXX object CMakeFiles/vehicleSimulator.dir/src/vehicleSimulator.cpp.o[0m
[ 60%] [32m[1mLinking CXX executable /home/ruofei/code/cpp/autonomous_exploration_development_environment/devel/.private/vehicle_simulator/lib/vehicle_simulator/pub_registered_scan[0m
[ 70%] [32m[1mLinking CXX executable /home/ruofei/code/cpp/autonomous_exploration_development_environment/devel/.private/vehicle_simulator/lib/vehicle_simulator/pioneer_simulator[0m
[ 80%] [32m[1mLinking CXX executable /home/ruofei/code/cpp/autonomous_exploration_development_environment/devel/.private/vehicle_simulator/lib/vehicle_simulator/vehicleSimulator[0m
[ 90%] [32m[1mLinking CXX executable /home/ruofei/code/cpp/autonomous_exploration_development_environment/devel/.private/vehicle_simulator/lib/vehicle_simulator/filter_velodyne_points[0m
[ 90%] Built target filter_velodyne_points
[ 90%] Built target pub_registered_scan
[100%] [32m[1mLinking CXX executable /home/ruofei/code/cpp/autonomous_exploration_development_environment/devel/.private/vehicle_simulator/lib/vehicle_simulator/vehicleSimulatorForGazebo[0m
[100%] Built target vehicleSimulator
[100%] Built target pioneer_simulator
[100%] Built target vehicleSimulatorForGazebo
